<?xml version="1.0" encoding="UTF-8"?>
<!-- Generated by org.testng.reporters.JUnitReportReporter -->
<testsuite skipped="0" hostname="disha" name="com.qa.opencart.tests.LoginPageTest" tests="7" failures="0" timestamp="27 Apr 2021 17:39:12 GMT" time="38.723" errors="0">
  <testcase name="loginWithNegData" time="10.975" classname="com.qa.opencart.tests.LoginPageTest"/>
  <testcase name="loginWithNegData" time="9.251" classname="com.qa.opencart.tests.LoginPageTest"/>
  <testcase name="loginWithNegData" time="9.198" classname="com.qa.opencart.tests.LoginPageTest"/>
  <testcase name="getLoginPageTitleTest" time="0.116" classname="com.qa.opencart.tests.LoginPageTest"/>
  <testcase name="getLoginPageUrlTest" time="0.030" classname="com.qa.opencart.tests.LoginPageTest"/>
  <testcase name="verifyForgotPwdLinkTest" time="1.799" classname="com.qa.opencart.tests.LoginPageTest"/>
  <testcase name="loginTest" time="7.354" classname="com.qa.opencart.tests.LoginPageTest"/>
</testsuite> <!-- com.qa.opencart.tests.LoginPageTest -->
