<?xml version="1.0" encoding="UTF-8"?>
<!-- Generated by org.testng.reporters.JUnitReportReporter -->
<testsuite skipped="0" hostname="disha" name="com.qa.opencart.tests.ProductInfoPageTest" tests="1" failures="0" timestamp="15 Apr 2021 22:23:18 GMT" time="26.330" errors="0">
  <testcase name="searchProductAndCountTest" time="26.330" classname="com.qa.opencart.tests.ProductInfoPageTest"/>
</testsuite> <!-- com.qa.opencart.tests.ProductInfoPageTest -->
