<?xml version="1.0" encoding="UTF-8"?>
<!-- Generated by org.testng.reporters.JUnitReportReporter -->
<testsuite skipped="0" hostname="disha" name="com.qa.opencart.tests.AccountPageTest" tests="4" failures="0" timestamp="23 Apr 2021 20:13:28 GMT" time="3.585" errors="0">
  <testcase name="getAccountsPagetitleTest" time="0.052" classname="com.qa.opencart.tests.AccountPageTest"/>
  <testcase name="getAccountsPageUrlTest" time="0.030" classname="com.qa.opencart.tests.AccountPageTest"/>
  <testcase name="verifyMyAccountLinkExistTest" time="2.683" classname="com.qa.opencart.tests.AccountPageTest"/>
  <testcase name="verifyAccHeaderSectionTest" time="0.820" classname="com.qa.opencart.tests.AccountPageTest"/>
</testsuite> <!-- com.qa.opencart.tests.AccountPageTest -->
