<?xml version="1.0" encoding="UTF-8"?>
<!-- Generated by org.testng.reporters.JUnitReportReporter -->
<testsuite skipped="0" hostname="disha" name="com.qa.opencart.tests.RegistrationPageTest" tests="6" failures="0" timestamp="16 Apr 2021 21:53:01 GMT" time="32.830" errors="0">
  <testcase name="userRegistrationTest" time="5.098" classname="com.qa.opencart.tests.RegistrationPageTest"/>
  <testcase name="userRegistrationTest" time="5.356" classname="com.qa.opencart.tests.RegistrationPageTest"/>
  <testcase name="userRegistrationTest" time="5.637" classname="com.qa.opencart.tests.RegistrationPageTest"/>
  <testcase name="userRegistrationTest" time="5.817" classname="com.qa.opencart.tests.RegistrationPageTest"/>
  <testcase name="userRegistrationTest" time="5.272" classname="com.qa.opencart.tests.RegistrationPageTest"/>
  <testcase name="userRegistrationTest" time="5.650" classname="com.qa.opencart.tests.RegistrationPageTest"/>
</testsuite> <!-- com.qa.opencart.tests.RegistrationPageTest -->
