<?xml version="1.0" encoding="UTF-8"?>
<!-- Generated by org.testng.reporters.JUnitReportReporter -->
<testsuite skipped="0" hostname="disha" name="com.qa.opencart.tests.AccountPageTest" tests="4" failures="0" timestamp="27 Apr 2021 20:40:05 GMT" time="3.298" errors="0">
  <testcase name="getAccountsPagetitleTest" time="0.318" classname="com.qa.opencart.tests.AccountPageTest"/>
  <testcase name="getAccountsPageUrlTest" time="0.024" classname="com.qa.opencart.tests.AccountPageTest"/>
  <testcase name="verifyMyAccountLinkExistTest" time="1.921" classname="com.qa.opencart.tests.AccountPageTest"/>
  <testcase name="verifyAccHeaderSectionTest" time="1.035" classname="com.qa.opencart.tests.AccountPageTest"/>
</testsuite> <!-- com.qa.opencart.tests.AccountPageTest -->
