<?xml version="1.0" encoding="UTF-8"?>
<!-- Generated by org.testng.reporters.JUnitReportReporter -->
<testsuite skipped="0" hostname="disha" name="com.qa.opencart.tests.RegistrationPageTest" tests="2" failures="0" timestamp="27 Apr 2021 20:40:05 GMT" time="48.363" errors="0">
  <testcase name="userRegistrationTest" time="23.189" classname="com.qa.opencart.tests.RegistrationPageTest"/>
  <testcase name="userRegistrationTest" time="25.174" classname="com.qa.opencart.tests.RegistrationPageTest"/>
</testsuite> <!-- com.qa.opencart.tests.RegistrationPageTest -->
