<?xml version="1.0" encoding="UTF-8"?>
<!-- Generated by org.testng.reporters.JUnitReportReporter -->
<testsuite skipped="0" hostname="disha" name="com.qa.opencart.tests.LoginPageTest" tests="7" failures="0" timestamp="27 Apr 2021 20:40:05 GMT" time="47.254" errors="0">
  <testcase name="loginWithNegData" time="12.074" classname="com.qa.opencart.tests.LoginPageTest"/>
  <testcase name="loginWithNegData" time="11.738" classname="com.qa.opencart.tests.LoginPageTest"/>
  <testcase name="loginWithNegData" time="10.559" classname="com.qa.opencart.tests.LoginPageTest"/>
  <testcase name="getLoginPageTitleTest" time="0.263" classname="com.qa.opencart.tests.LoginPageTest"/>
  <testcase name="getLoginPageUrlTest" time="0.074" classname="com.qa.opencart.tests.LoginPageTest"/>
  <testcase name="verifyForgotPwdLinkTest" time="2.420" classname="com.qa.opencart.tests.LoginPageTest"/>
  <testcase name="loginTest" time="10.126" classname="com.qa.opencart.tests.LoginPageTest"/>
</testsuite> <!-- com.qa.opencart.tests.LoginPageTest -->
